<?xml version="1.0" encoding="UTF-8"?>
<testsuite name="com.ssafy.b305.B305ApplicationTests" tests="1" skipped="0" failures="0" errors="0" timestamp="2022-10-27T00:36:28" hostname="DESKTOP-KVCQHCD" time="0.072">
  <properties/>
  <testcase name="contextLoads()" classname="com.ssafy.b305.B305ApplicationTests" time="0.072"/>
  <system-out><![CDATA[09:36:23.123 [Test worker] DEBUG org.springframework.test.context.BootstrapUtils - Instantiating CacheAwareContextLoaderDelegate from class [org.springframework.test.context.cache.DefaultCacheAwareContextLoaderDelegate]
09:36:23.134 [Test worker] DEBUG org.springframework.test.context.BootstrapUtils - Instantiating BootstrapContext using constructor [public org.springframework.test.context.support.DefaultBootstrapContext(java.lang.Class,org.springframework.test.context.CacheAwareContextLoaderDelegate)]
09:36:23.168 [Test worker] DEBUG org.springframework.test.context.BootstrapUtils - Instantiating TestContextBootstrapper for test class [com.ssafy.b305.B305ApplicationTests] from class [org.springframework.boot.test.context.SpringBootTestContextBootstrapper]
09:36:23.179 [Test worker] INFO org.springframework.boot.test.context.SpringBootTestContextBootstrapper - Neither @ContextConfiguration nor @ContextHierarchy found for test class [com.ssafy.b305.B305ApplicationTests], using SpringBootContextLoader
09:36:23.182 [Test worker] DEBUG org.springframework.test.context.support.AbstractContextLoader - Did not detect default resource location for test class [com.ssafy.b305.B305ApplicationTests]: class path resource [com/ssafy/b305/B305ApplicationTests-context.xml] does not exist
09:36:23.183 [Test worker] DEBUG org.springframework.test.context.support.AbstractContextLoader - Did not detect default resource location for test class [com.ssafy.b305.B305ApplicationTests]: class path resource [com/ssafy/b305/B305ApplicationTestsContext.groovy] does not exist
09:36:23.183 [Test worker] INFO org.springframework.test.context.support.AbstractContextLoader - Could not detect default resource locations for test class [com.ssafy.b305.B305ApplicationTests]: no resource found for suffixes {-context.xml, Context.groovy}.
09:36:23.183 [Test worker] INFO org.springframework.test.context.support.AnnotationConfigContextLoaderUtils - Could not detect default configuration classes for test class [com.ssafy.b305.B305ApplicationTests]: B305ApplicationTests does not declare any static, non-private, non-final, nested classes annotated with @Configuration.
09:36:23.220 [Test worker] DEBUG org.springframework.test.context.support.ActiveProfilesUtils - Could not find an 'annotation declaring class' for annotation type [org.springframework.test.context.ActiveProfiles] and class [com.ssafy.b305.B305ApplicationTests]
09:36:23.271 [Test worker] DEBUG org.springframework.context.annotation.ClassPathScanningCandidateComponentProvider - Identified candidate component class: file [C:\ssafy\S07P31B305\back\b305\build\classes\java\main\com\ssafy\b305\B305Application.class]
09:36:23.272 [Test worker] INFO org.springframework.boot.test.context.SpringBootTestContextBootstrapper - Found @SpringBootConfiguration com.ssafy.b305.B305Application for test class com.ssafy.b305.B305ApplicationTests
09:36:23.358 [Test worker] DEBUG org.springframework.boot.test.context.SpringBootTestContextBootstrapper - @TestExecutionListeners is not present for class [com.ssafy.b305.B305ApplicationTests]: using defaults.
09:36:23.359 [Test worker] INFO org.springframework.boot.test.context.SpringBootTestContextBootstrapper - Loaded default TestExecutionListener class names from location [META-INF/spring.factories]: [org.springframework.boot.test.autoconfigure.restdocs.RestDocsTestExecutionListener, org.springframework.boot.test.autoconfigure.web.client.MockRestServiceServerResetTestExecutionListener, org.springframework.boot.test.autoconfigure.web.servlet.MockMvcPrintOnlyOnFailureTestExecutionListener, org.springframework.boot.test.autoconfigure.web.servlet.WebDriverTestExecutionListener, org.springframework.boot.test.autoconfigure.webservices.client.MockWebServiceServerTestExecutionListener, org.springframework.boot.test.mock.mockito.MockitoTestExecutionListener, org.springframework.boot.test.mock.mockito.ResetMocksTestExecutionListener, org.springframework.test.context.web.ServletTestExecutionListener, org.springframework.test.context.support.DirtiesContextBeforeModesTestExecutionListener, org.springframework.test.context.event.ApplicationEventsTestExecutionListener, org.springframework.test.context.support.DependencyInjectionTestExecutionListener, org.springframework.test.context.support.DirtiesContextTestExecutionListener, org.springframework.test.context.transaction.TransactionalTestExecutionListener, org.springframework.test.context.jdbc.SqlScriptsTestExecutionListener, org.springframework.test.context.event.EventPublishingTestExecutionListener]
09:36:23.375 [Test worker] INFO org.springframework.boot.test.context.SpringBootTestContextBootstrapper - Using TestExecutionListeners: [org.springframework.test.context.web.ServletTestExecutionListener@3a4621bd, org.springframework.test.context.support.DirtiesContextBeforeModesTestExecutionListener@31dadd46, org.springframework.test.context.event.ApplicationEventsTestExecutionListener@4ed5eb72, org.springframework.boot.test.mock.mockito.MockitoTestExecutionListener@12f9af83, org.springframework.boot.test.autoconfigure.SpringBootDependencyInjectionTestExecutionListener@19b93fa8, org.springframework.test.context.support.DirtiesContextTestExecutionListener@7e6ef134, org.springframework.test.context.transaction.TransactionalTestExecutionListener@1f010bf0, org.springframework.test.context.jdbc.SqlScriptsTestExecutionListener@40db2a24, org.springframework.test.context.event.EventPublishingTestExecutionListener@10cf09e8, org.springframework.boot.test.autoconfigure.restdocs.RestDocsTestExecutionListener@1921ad94, org.springframework.boot.test.autoconfigure.web.client.MockRestServiceServerResetTestExecutionListener@ee86bcb, org.springframework.boot.test.autoconfigure.web.servlet.MockMvcPrintOnlyOnFailureTestExecutionListener@177bea38, org.springframework.boot.test.autoconfigure.web.servlet.WebDriverTestExecutionListener@7f132176, org.springframework.boot.test.autoconfigure.webservices.client.MockWebServiceServerTestExecutionListener@6bca7e0d, org.springframework.boot.test.mock.mockito.ResetMocksTestExecutionListener@2631f68c]
09:36:23.378 [Test worker] DEBUG org.springframework.test.context.support.AbstractDirtiesContextTestExecutionListener - Before test class: context [DefaultTestContext@39655d3e testClass = B305ApplicationTests, testInstance = [null], testMethod = [null], testException = [null], mergedContextConfiguration = [WebMergedContextConfiguration@34f22f9d testClass = B305ApplicationTests, locations = '{}', classes = '{class com.ssafy.b305.B305Application}', contextInitializerClasses = '[]', activeProfiles = '{}', propertySourceLocations = '{}', propertySourceProperties = '{org.springframework.boot.test.context.SpringBootTestContextBootstrapper=true}', contextCustomizers = set[org.springframework.boot.test.autoconfigure.actuate.metrics.MetricsExportContextCustomizerFactory$DisableMetricExportContextCustomizer@3f4faf53, org.springframework.boot.test.autoconfigure.properties.PropertyMappingContextCustomizer@0, org.springframework.boot.test.autoconfigure.web.servlet.WebDriverContextCustomizerFactory$Customizer@1a245833, org.springframework.boot.test.context.filter.ExcludeFilterContextCustomizer@5b799640, org.springframework.boot.test.json.DuplicateJsonObjectContextCustomizerFactory$DuplicateJsonObjectContextCustomizer@4e5ed836, org.springframework.boot.test.mock.mockito.MockitoContextCustomizer@0, org.springframework.boot.test.web.client.TestRestTemplateContextCustomizer@5c7933ad, org.springframework.boot.test.context.SpringBootTestArgs@1, org.springframework.boot.test.context.SpringBootTestWebEnvironment@36c88a32], resourceBasePath = 'src/main/webapp', contextLoader = 'org.springframework.boot.test.context.SpringBootContextLoader', parent = [null]], attributes = map['org.springframework.test.context.web.ServletTestExecutionListener.activateListener' -> true]], class annotated with @DirtiesContext [false] with mode [null].

  .   ____          _            __ _ _
 /\\ / ___'_ __ _ _(_)_ __  __ _ \ \ \ \
( ( )\___ | '_ | '_| | '_ \/ _` | \ \ \ \
 \\/  ___)| |_)| | | | | || (_| |  ) ) ) )
  '  |____| .__|_| |_|_| |_\__, | / / / /
 =========|_|==============|___/=/_/_/_/
 :: Spring Boot ::                (v2.7.4)

2022-10-27 09:36:23.684  INFO 9484 --- [    Test worker] com.ssafy.b305.B305ApplicationTests      : Starting B305ApplicationTests using Java 1.8.0_341 on DESKTOP-KVCQHCD with PID 9484 (started by SSAFY in C:\ssafy\S07P31B305\back\b305)
2022-10-27 09:36:23.685  INFO 9484 --- [    Test worker] com.ssafy.b305.B305ApplicationTests      : No active profile set, falling back to 1 default profile: "default"
2022-10-27 09:36:24.407  INFO 9484 --- [    Test worker] .s.d.r.c.RepositoryConfigurationDelegate : Bootstrapping Spring Data JPA repositories in DEFAULT mode.
2022-10-27 09:36:24.457  INFO 9484 --- [    Test worker] .s.d.r.c.RepositoryConfigurationDelegate : Finished Spring Data repository scanning in 42 ms. Found 3 JPA repository interfaces.
2022-10-27 09:36:25.020  INFO 9484 --- [    Test worker] o.hibernate.jpa.internal.util.LogHelper  : HHH000204: Processing PersistenceUnitInfo [name: default]
2022-10-27 09:36:25.067  INFO 9484 --- [    Test worker] org.hibernate.Version                    : HHH000412: Hibernate ORM core version 5.6.11.Final
2022-10-27 09:36:25.225  INFO 9484 --- [    Test worker] o.hibernate.annotations.common.Version   : HCANN000001: Hibernate Commons Annotations {5.1.2.Final}
2022-10-27 09:36:25.319  INFO 9484 --- [    Test worker] com.zaxxer.hikari.HikariDataSource       : HikariPool-1 - Starting...
2022-10-27 09:36:25.973  INFO 9484 --- [    Test worker] com.zaxxer.hikari.HikariDataSource       : HikariPool-1 - Start completed.
2022-10-27 09:36:26.006  INFO 9484 --- [    Test worker] org.hibernate.dialect.Dialect            : HHH000400: Using dialect: org.hibernate.dialect.MySQL8Dialect
2022-10-27 09:36:26.632  INFO 9484 --- [    Test worker] o.h.e.t.j.p.i.JtaPlatformInitiator       : HHH000490: Using JtaPlatform implementation: [org.hibernate.engine.transaction.jta.platform.internal.NoJtaPlatform]
2022-10-27 09:36:26.640  INFO 9484 --- [    Test worker] j.LocalContainerEntityManagerFactoryBean : Initialized JPA EntityManagerFactory for persistence unit 'default'
2022-10-27 09:36:27.473  WARN 9484 --- [    Test worker] JpaBaseConfiguration$JpaWebConfiguration : spring.jpa.open-in-view is enabled by default. Therefore, database queries may be performed during view rendering. Explicitly configure spring.jpa.open-in-view to disable this warning
2022-10-27 09:36:28.220  INFO 9484 --- [    Test worker] com.ssafy.b305.B305ApplicationTests      : Started B305ApplicationTests in 4.812 seconds (JVM running for 6.276)
]]></system-out>
  <system-err><![CDATA[]]></system-err>
</testsuite>
